[0.276s] DEBUG:colcon:Command line arguments: ['/usr/bin/colcon', 'build', '--symlink-install']
[0.277s] DEBUG:colcon:Parsed command line arguments: Namespace(log_base=None, log_level=None, verb_name='build', build_base='build', install_base='install', merge_install=False, symlink_install=True, test_result_base=None, continue_on_error=False, executor='parallel', parallel_workers=12, event_handlers=None, ignore_user_meta=False, metas=['./colcon.meta'], base_paths=['.'], packages_ignore=None, packages_ignore_regex=None, paths=None, packages_up_to=None, packages_up_to_regex=None, packages_above=None, packages_above_and_dependencies=None, packages_above_depth=None, packages_select_by_dep=None, packages_skip_by_dep=None, packages_skip_up_to=None, packages_select_build_failed=False, packages_skip_build_finished=False, packages_select_test_failures=False, packages_skip_test_passed=False, packages_select=None, packages_skip=None, packages_select_regex=None, packages_skip_regex=None, packages_start=None, packages_end=None, allow_overriding=[], cmake_args=None, cmake_target=None, cmake_target_skip_unavailable=False, cmake_clean_cache=False, cmake_clean_first=False, cmake_force_configure=False, meson_args=[], ament_cmake_args=None, catkin_cmake_args=None, catkin_skip_building_tests=False, mixin_files=None, mixin=None, verb_parser=<colcon_alias.argument_parser.alias.AliasArgumentDecorator object at 0x7979efed5a50>, verb_extension=<colcon_core.verb.build.BuildVerb object at 0x7979efed4df0>, main=<bound method BuildVerb.main of <colcon_core.verb.build.BuildVerb object at 0x7979efed4df0>>, mixin_verb=('build',))
[0.460s] Level 1:colcon.colcon_core.package_discovery:discover_packages(colcon_meta) check parameters
[0.460s] Level 1:colcon.colcon_core.package_discovery:discover_packages(recursive) check parameters
[0.460s] Level 1:colcon.colcon_core.package_discovery:discover_packages(ignore) check parameters
[0.460s] Level 1:colcon.colcon_core.package_discovery:discover_packages(path) check parameters
[0.460s] Level 1:colcon.colcon_core.package_discovery:discover_packages(colcon_meta) discover
[0.460s] Level 1:colcon.colcon_core.package_discovery:discover_packages(recursive) discover
[0.460s] INFO:colcon.colcon_core.package_discovery:Crawling recursively for packages in '/home/srobot/seyi_ros2_ws'
[0.460s] Level 1:colcon.colcon_core.package_identification:_identify(.) by extensions ['ignore', 'ignore_ament_install']
[0.461s] Level 1:colcon.colcon_core.package_identification:_identify(.) by extension 'ignore'
[0.461s] Level 1:colcon.colcon_core.package_identification:_identify(.) by extension 'ignore_ament_install'
[0.461s] Level 1:colcon.colcon_core.package_identification:_identify(.) by extensions ['colcon_pkg']
[0.461s] Level 1:colcon.colcon_core.package_identification:_identify(.) by extension 'colcon_pkg'
[0.461s] Level 1:colcon.colcon_core.package_identification:_identify(.) by extensions ['colcon_meta']
[0.461s] Level 1:colcon.colcon_core.package_identification:_identify(.) by extension 'colcon_meta'
[0.461s] Level 1:colcon.colcon_core.package_identification:_identify(.) by extensions ['ros']
[0.461s] Level 1:colcon.colcon_core.package_identification:_identify(.) by extension 'ros'
[0.472s] Level 1:colcon.colcon_core.package_identification:_identify(.) by extensions ['cmake', 'meson', 'python']
[0.472s] Level 1:colcon.colcon_core.package_identification:_identify(.) by extension 'cmake'
[0.472s] Level 1:colcon.colcon_core.package_identification:_identify(.) by extension 'meson'
[0.472s] Level 1:colcon.colcon_core.package_identification:_identify(.) by extension 'python'
[0.472s] Level 1:colcon.colcon_core.package_identification:_identify(.) by extensions ['python_setup_py']
[0.472s] Level 1:colcon.colcon_core.package_identification:_identify(.) by extension 'python_setup_py'
[0.472s] Level 1:colcon.colcon_core.package_identification:_identify(build) by extensions ['ignore', 'ignore_ament_install']
[0.472s] Level 1:colcon.colcon_core.package_identification:_identify(build) by extension 'ignore'
[0.473s] Level 1:colcon.colcon_core.package_identification:_identify(build) ignored
[0.473s] Level 1:colcon.colcon_core.package_identification:_identify(install) by extensions ['ignore', 'ignore_ament_install']
[0.473s] Level 1:colcon.colcon_core.package_identification:_identify(install) by extension 'ignore'
[0.473s] Level 1:colcon.colcon_core.package_identification:_identify(install) ignored
[0.473s] Level 1:colcon.colcon_core.package_identification:_identify(log) by extensions ['ignore', 'ignore_ament_install']
[0.473s] Level 1:colcon.colcon_core.package_identification:_identify(log) by extension 'ignore'
[0.473s] Level 1:colcon.colcon_core.package_identification:_identify(log) ignored
[0.473s] Level 1:colcon.colcon_core.package_identification:_identify(src) by extensions ['ignore', 'ignore_ament_install']
[0.473s] Level 1:colcon.colcon_core.package_identification:_identify(src) by extension 'ignore'
[0.473s] Level 1:colcon.colcon_core.package_identification:_identify(src) by extension 'ignore_ament_install'
[0.473s] Level 1:colcon.colcon_core.package_identification:_identify(src) by extensions ['colcon_pkg']
[0.473s] Level 1:colcon.colcon_core.package_identification:_identify(src) by extension 'colcon_pkg'
[0.473s] Level 1:colcon.colcon_core.package_identification:_identify(src) by extensions ['colcon_meta']
[0.473s] Level 1:colcon.colcon_core.package_identification:_identify(src) by extension 'colcon_meta'
[0.473s] Level 1:colcon.colcon_core.package_identification:_identify(src) by extensions ['ros']
[0.473s] Level 1:colcon.colcon_core.package_identification:_identify(src) by extension 'ros'
[0.474s] Level 1:colcon.colcon_core.package_identification:_identify(src) by extensions ['cmake', 'meson', 'python']
[0.474s] Level 1:colcon.colcon_core.package_identification:_identify(src) by extension 'cmake'
[0.474s] Level 1:colcon.colcon_core.package_identification:_identify(src) by extension 'meson'
[0.474s] Level 1:colcon.colcon_core.package_identification:_identify(src) by extension 'python'
[0.474s] Level 1:colcon.colcon_core.package_identification:_identify(src) by extensions ['python_setup_py']
[0.474s] Level 1:colcon.colcon_core.package_identification:_identify(src) by extension 'python_setup_py'
[0.474s] Level 1:colcon.colcon_core.package_identification:_identify(src/seyi_first_robot_description) by extensions ['ignore', 'ignore_ament_install']
[0.474s] Level 1:colcon.colcon_core.package_identification:_identify(src/seyi_first_robot_description) by extension 'ignore'
[0.474s] Level 1:colcon.colcon_core.package_identification:_identify(src/seyi_first_robot_description) by extension 'ignore_ament_install'
[0.474s] Level 1:colcon.colcon_core.package_identification:_identify(src/seyi_first_robot_description) by extensions ['colcon_pkg']
[0.474s] Level 1:colcon.colcon_core.package_identification:_identify(src/seyi_first_robot_description) by extension 'colcon_pkg'
[0.474s] Level 1:colcon.colcon_core.package_identification:_identify(src/seyi_first_robot_description) by extensions ['colcon_meta']
[0.474s] Level 1:colcon.colcon_core.package_identification:_identify(src/seyi_first_robot_description) by extension 'colcon_meta'
[0.474s] Level 1:colcon.colcon_core.package_identification:_identify(src/seyi_first_robot_description) by extensions ['ros']
[0.474s] Level 1:colcon.colcon_core.package_identification:_identify(src/seyi_first_robot_description) by extension 'ros'
[0.476s] DEBUG:colcon.colcon_core.package_identification:Package 'src/seyi_first_robot_description' with type 'ros.ament_cmake' and name 'seyi_first_robot_description'
[0.477s] Level 1:colcon.colcon_core.package_discovery:discover_packages(recursive) using defaults
[0.477s] Level 1:colcon.colcon_core.package_discovery:discover_packages(ignore) discover
[0.477s] Level 1:colcon.colcon_core.package_discovery:discover_packages(ignore) using defaults
[0.477s] Level 1:colcon.colcon_core.package_discovery:discover_packages(path) discover
[0.477s] Level 1:colcon.colcon_core.package_discovery:discover_packages(path) using defaults
[0.493s] Level 1:colcon.colcon_core.package_discovery:discover_packages(prefix_path) check parameters
[0.493s] Level 1:colcon.colcon_core.package_discovery:discover_packages(prefix_path) discover
[0.495s] DEBUG:colcon.colcon_installed_package_information.package_discovery:Found 3 installed packages in /home/srobot/sbr_workspace/install
[0.495s] DEBUG:colcon.colcon_installed_package_information.package_discovery:Found 2 installed packages in /home/srobot/ros2_ws/install
[0.496s] DEBUG:colcon.colcon_installed_package_information.package_discovery:Found 1 installed packages in /home/srobot/rahman_ros2_ws/install
[0.496s] DEBUG:colcon.colcon_installed_package_information.package_discovery:Found 1 installed packages in /home/srobot/seyi_ros2_ws/install
[0.498s] DEBUG:colcon.colcon_installed_package_information.package_discovery:Found 482 installed packages in /opt/ros/humble
[0.501s] Level 1:colcon.colcon_core.package_discovery:discover_packages(prefix_path) using defaults
[0.569s] Level 5:colcon.colcon_core.verb:set package 'seyi_first_robot_description' build argument 'cmake_args' from command line to 'None'
[0.570s] Level 5:colcon.colcon_core.verb:set package 'seyi_first_robot_description' build argument 'cmake_target' from command line to 'None'
[0.570s] Level 5:colcon.colcon_core.verb:set package 'seyi_first_robot_description' build argument 'cmake_target_skip_unavailable' from command line to 'False'
[0.570s] Level 5:colcon.colcon_core.verb:set package 'seyi_first_robot_description' build argument 'cmake_clean_cache' from command line to 'False'
[0.570s] Level 5:colcon.colcon_core.verb:set package 'seyi_first_robot_description' build argument 'cmake_clean_first' from command line to 'False'
[0.570s] Level 5:colcon.colcon_core.verb:set package 'seyi_first_robot_description' build argument 'cmake_force_configure' from command line to 'False'
[0.570s] Level 5:colcon.colcon_core.verb:set package 'seyi_first_robot_description' build argument 'meson_args' from command line to '[]'
[0.570s] Level 5:colcon.colcon_core.verb:set package 'seyi_first_robot_description' build argument 'ament_cmake_args' from command line to 'None'
[0.570s] Level 5:colcon.colcon_core.verb:set package 'seyi_first_robot_description' build argument 'catkin_cmake_args' from command line to 'None'
[0.570s] Level 5:colcon.colcon_core.verb:set package 'seyi_first_robot_description' build argument 'catkin_skip_building_tests' from command line to 'False'
[0.570s] DEBUG:colcon.colcon_core.verb:Building package 'seyi_first_robot_description' with the following arguments: {'ament_cmake_args': None, 'build_base': '/home/srobot/seyi_ros2_ws/build/seyi_first_robot_description', 'catkin_cmake_args': None, 'catkin_skip_building_tests': False, 'cmake_args': None, 'cmake_clean_cache': False, 'cmake_clean_first': False, 'cmake_force_configure': False, 'cmake_target': None, 'cmake_target_skip_unavailable': False, 'install_base': '/home/srobot/seyi_ros2_ws/install/seyi_first_robot_description', 'merge_install': False, 'meson_args': [], 'path': '/home/srobot/seyi_ros2_ws/src/seyi_first_robot_description', 'symlink_install': True, 'test_result_base': None}
[0.570s] INFO:colcon.colcon_core.executor:Executing jobs using 'parallel' executor
[0.571s] DEBUG:colcon.colcon_parallel_executor.executor.parallel:run_until_complete
[0.571s] INFO:colcon.colcon_ros.task.ament_cmake.build:Building ROS package in '/home/srobot/seyi_ros2_ws/src/seyi_first_robot_description' with build type 'ament_cmake'
[0.571s] INFO:colcon.colcon_cmake.task.cmake.build:Building CMake package in '/home/srobot/seyi_ros2_ws/src/seyi_first_robot_description'
[0.574s] INFO:colcon.colcon_core.plugin_system:Skipping extension 'colcon_core.shell.bat': Not used on non-Windows systems
[0.574s] INFO:colcon.colcon_core.shell:Skip shell extension 'powershell' for command environment: Not usable outside of PowerShell
[0.574s] DEBUG:colcon.colcon_core.shell:Skip shell extension 'dsv' for command environment
[0.583s] DEBUG:colcon.colcon_core.event_handler.log_command:Invoking command in '/home/srobot/seyi_ros2_ws/build/seyi_first_robot_description': CMAKE_PREFIX_PATH=${CMAKE_PREFIX_PATH}:/home/srobot/ros2_ws/install/my_py_pkg:/opt/ros/humble /usr/bin/cmake /home/srobot/seyi_ros2_ws/src/seyi_first_robot_description -DAMENT_CMAKE_SYMLINK_INSTALL=1 -DCMAKE_INSTALL_PREFIX=/home/srobot/seyi_ros2_ws/install/seyi_first_robot_description
[0.784s] DEBUG:colcon.colcon_core.event_handler.log_command:Invoked command in '/home/srobot/seyi_ros2_ws/build/seyi_first_robot_description' returned '0': CMAKE_PREFIX_PATH=${CMAKE_PREFIX_PATH}:/home/srobot/ros2_ws/install/my_py_pkg:/opt/ros/humble /usr/bin/cmake /home/srobot/seyi_ros2_ws/src/seyi_first_robot_description -DAMENT_CMAKE_SYMLINK_INSTALL=1 -DCMAKE_INSTALL_PREFIX=/home/srobot/seyi_ros2_ws/install/seyi_first_robot_description
[0.785s] DEBUG:colcon.colcon_core.event_handler.log_command:Invoking command in '/home/srobot/seyi_ros2_ws/build/seyi_first_robot_description': CMAKE_PREFIX_PATH=${CMAKE_PREFIX_PATH}:/home/srobot/ros2_ws/install/my_py_pkg:/opt/ros/humble /usr/bin/cmake --build /home/srobot/seyi_ros2_ws/build/seyi_first_robot_description -- -j12 -l12
[0.821s] DEBUG:colcon.colcon_core.event_handler.log_command:Invoked command in '/home/srobot/seyi_ros2_ws/build/seyi_first_robot_description' returned '0': CMAKE_PREFIX_PATH=${CMAKE_PREFIX_PATH}:/home/srobot/ros2_ws/install/my_py_pkg:/opt/ros/humble /usr/bin/cmake --build /home/srobot/seyi_ros2_ws/build/seyi_first_robot_description -- -j12 -l12
[0.850s] DEBUG:colcon.colcon_core.event_handler.log_command:Invoking command in '/home/srobot/seyi_ros2_ws/build/seyi_first_robot_description': CMAKE_PREFIX_PATH=${CMAKE_PREFIX_PATH}:/home/srobot/ros2_ws/install/my_py_pkg:/opt/ros/humble /usr/bin/cmake --install /home/srobot/seyi_ros2_ws/build/seyi_first_robot_description
[1.017s] Level 1:colcon.colcon_core.environment:create_environment_scripts_only(seyi_first_robot_description)
[1.018s] DEBUG:colcon.colcon_core.event_handler.log_command:Invoked command in '/home/srobot/seyi_ros2_ws/build/seyi_first_robot_description' returned '0': CMAKE_PREFIX_PATH=${CMAKE_PREFIX_PATH}:/home/srobot/ros2_ws/install/my_py_pkg:/opt/ros/humble /usr/bin/cmake --install /home/srobot/seyi_ros2_ws/build/seyi_first_robot_description
[1.020s] Level 1:colcon.colcon_core.environment:checking '/home/srobot/seyi_ros2_ws/install/seyi_first_robot_description' for CMake module files
[1.021s] Level 1:colcon.colcon_core.environment:checking '/home/srobot/seyi_ros2_ws/install/seyi_first_robot_description' for CMake config files
[1.021s] Level 1:colcon.colcon_core.shell:create_environment_hook('seyi_first_robot_description', 'cmake_prefix_path')
[1.021s] INFO:colcon.colcon_core.shell:Creating environment hook '/home/srobot/seyi_ros2_ws/install/seyi_first_robot_description/share/seyi_first_robot_description/hook/cmake_prefix_path.ps1'
[1.022s] INFO:colcon.colcon_core.shell:Creating environment descriptor '/home/srobot/seyi_ros2_ws/install/seyi_first_robot_description/share/seyi_first_robot_description/hook/cmake_prefix_path.dsv'
[1.022s] INFO:colcon.colcon_core.shell:Creating environment hook '/home/srobot/seyi_ros2_ws/install/seyi_first_robot_description/share/seyi_first_robot_description/hook/cmake_prefix_path.sh'
[1.023s] Level 1:colcon.colcon_core.environment:checking '/home/srobot/seyi_ros2_ws/install/seyi_first_robot_description/bin'
[1.023s] Level 1:colcon.colcon_core.environment:checking '/home/srobot/seyi_ros2_ws/install/seyi_first_robot_description/lib/pkgconfig/seyi_first_robot_description.pc'
[1.023s] Level 1:colcon.colcon_core.environment:checking '/home/srobot/seyi_ros2_ws/install/seyi_first_robot_description/lib/python3.10/site-packages'
[1.024s] Level 1:colcon.colcon_core.environment:checking '/home/srobot/seyi_ros2_ws/install/seyi_first_robot_description/bin'
[1.024s] INFO:colcon.colcon_core.shell:Creating package script '/home/srobot/seyi_ros2_ws/install/seyi_first_robot_description/share/seyi_first_robot_description/package.ps1'
[1.025s] INFO:colcon.colcon_core.shell:Creating package descriptor '/home/srobot/seyi_ros2_ws/install/seyi_first_robot_description/share/seyi_first_robot_description/package.dsv'
[1.025s] INFO:colcon.colcon_core.shell:Creating package script '/home/srobot/seyi_ros2_ws/install/seyi_first_robot_description/share/seyi_first_robot_description/package.sh'
[1.026s] INFO:colcon.colcon_core.shell:Creating package script '/home/srobot/seyi_ros2_ws/install/seyi_first_robot_description/share/seyi_first_robot_description/package.bash'
[1.026s] INFO:colcon.colcon_core.shell:Creating package script '/home/srobot/seyi_ros2_ws/install/seyi_first_robot_description/share/seyi_first_robot_description/package.zsh'
[1.027s] Level 1:colcon.colcon_core.environment:create_file_with_runtime_dependencies(/home/srobot/seyi_ros2_ws/install/seyi_first_robot_description/share/colcon-core/packages/seyi_first_robot_description)
[1.046s] Level 1:colcon.colcon_core.environment:create_environment_scripts_only(seyi_first_robot_description)
[1.046s] Level 1:colcon.colcon_core.environment:checking '/home/srobot/seyi_ros2_ws/install/seyi_first_robot_description' for CMake module files
[1.047s] Level 1:colcon.colcon_core.environment:checking '/home/srobot/seyi_ros2_ws/install/seyi_first_robot_description' for CMake config files
[1.047s] Level 1:colcon.colcon_core.shell:create_environment_hook('seyi_first_robot_description', 'cmake_prefix_path')
[1.047s] INFO:colcon.colcon_core.shell:Creating environment hook '/home/srobot/seyi_ros2_ws/install/seyi_first_robot_description/share/seyi_first_robot_description/hook/cmake_prefix_path.ps1'
[1.047s] INFO:colcon.colcon_core.shell:Creating environment descriptor '/home/srobot/seyi_ros2_ws/install/seyi_first_robot_description/share/seyi_first_robot_description/hook/cmake_prefix_path.dsv'
[1.048s] INFO:colcon.colcon_core.shell:Creating environment hook '/home/srobot/seyi_ros2_ws/install/seyi_first_robot_description/share/seyi_first_robot_description/hook/cmake_prefix_path.sh'
[1.048s] Level 1:colcon.colcon_core.environment:checking '/home/srobot/seyi_ros2_ws/install/seyi_first_robot_description/bin'
[1.048s] Level 1:colcon.colcon_core.environment:checking '/home/srobot/seyi_ros2_ws/install/seyi_first_robot_description/lib/pkgconfig/seyi_first_robot_description.pc'
[1.048s] Level 1:colcon.colcon_core.environment:checking '/home/srobot/seyi_ros2_ws/install/seyi_first_robot_description/lib/python3.10/site-packages'
[1.049s] Level 1:colcon.colcon_core.environment:checking '/home/srobot/seyi_ros2_ws/install/seyi_first_robot_description/bin'
[1.049s] INFO:colcon.colcon_core.shell:Creating package script '/home/srobot/seyi_ros2_ws/install/seyi_first_robot_description/share/seyi_first_robot_description/package.ps1'
[1.050s] INFO:colcon.colcon_core.shell:Creating package descriptor '/home/srobot/seyi_ros2_ws/install/seyi_first_robot_description/share/seyi_first_robot_description/package.dsv'
[1.050s] INFO:colcon.colcon_core.shell:Creating package script '/home/srobot/seyi_ros2_ws/install/seyi_first_robot_description/share/seyi_first_robot_description/package.sh'
[1.051s] INFO:colcon.colcon_core.shell:Creating package script '/home/srobot/seyi_ros2_ws/install/seyi_first_robot_description/share/seyi_first_robot_description/package.bash'
[1.051s] INFO:colcon.colcon_core.shell:Creating package script '/home/srobot/seyi_ros2_ws/install/seyi_first_robot_description/share/seyi_first_robot_description/package.zsh'
[1.051s] Level 1:colcon.colcon_core.environment:create_file_with_runtime_dependencies(/home/srobot/seyi_ros2_ws/install/seyi_first_robot_description/share/colcon-core/packages/seyi_first_robot_description)
[1.052s] DEBUG:colcon.colcon_parallel_executor.executor.parallel:closing loop
[1.052s] DEBUG:colcon.colcon_parallel_executor.executor.parallel:loop closed
[1.052s] DEBUG:colcon.colcon_parallel_executor.executor.parallel:run_until_complete finished with '0'
[1.052s] DEBUG:colcon.colcon_core.event_reactor:joining thread
[1.057s] INFO:colcon.colcon_core.plugin_system:Skipping extension 'colcon_notification.desktop_notification.terminal_notifier': Not used on non-Darwin systems
[1.057s] INFO:colcon.colcon_core.plugin_system:Skipping extension 'colcon_notification.desktop_notification.win32': Not used on non-Windows systems
[1.057s] INFO:colcon.colcon_notification.desktop_notification:Sending desktop notification using 'notify2'
[1.068s] DEBUG:colcon.colcon_core.event_reactor:joined thread
[1.069s] INFO:colcon.colcon_core.shell:Creating prefix script '/home/srobot/seyi_ros2_ws/install/local_setup.ps1'
[1.070s] INFO:colcon.colcon_core.shell:Creating prefix util module '/home/srobot/seyi_ros2_ws/install/_local_setup_util_ps1.py'
[1.071s] INFO:colcon.colcon_core.shell:Creating prefix chain script '/home/srobot/seyi_ros2_ws/install/setup.ps1'
[1.072s] INFO:colcon.colcon_core.shell:Creating prefix script '/home/srobot/seyi_ros2_ws/install/local_setup.sh'
[1.073s] INFO:colcon.colcon_core.shell:Creating prefix util module '/home/srobot/seyi_ros2_ws/install/_local_setup_util_sh.py'
[1.073s] INFO:colcon.colcon_core.shell:Creating prefix chain script '/home/srobot/seyi_ros2_ws/install/setup.sh'
[1.074s] INFO:colcon.colcon_core.shell:Creating prefix script '/home/srobot/seyi_ros2_ws/install/local_setup.bash'
[1.075s] INFO:colcon.colcon_core.shell:Creating prefix chain script '/home/srobot/seyi_ros2_ws/install/setup.bash'
[1.076s] INFO:colcon.colcon_core.shell:Creating prefix script '/home/srobot/seyi_ros2_ws/install/local_setup.zsh'
[1.076s] INFO:colcon.colcon_core.shell:Creating prefix chain script '/home/srobot/seyi_ros2_ws/install/setup.zsh'
[1.078s] INFO:colcon.colcon_core.shell:Creating '/home/srobot/seyi_ros2_ws/install/spawn_shell.bash'
