[0.010s] Invoking command in '/home/srobot/seyi_ros2_ws/build/seyi_first_robot_description': CMAKE_PREFIX_PATH=${CMAKE_PREFIX_PATH}:/home/srobot/ros2_ws/install/my_py_pkg:/opt/ros/humble /usr/bin/cmake /home/srobot/seyi_ros2_ws/src/seyi_first_robot_description -DCMAKE_INSTALL_PREFIX=/home/srobot/seyi_ros2_ws/install/seyi_first_robot_description
[0.079s] -- The C compiler identification is GNU 11.4.0
[0.136s] -- The CXX compiler identification is GNU 11.4.0
[0.144s] -- Detecting C compiler ABI info
[0.210s] -- Detecting C compiler ABI info - done
[0.220s] -- Check for working C compiler: /usr/bin/cc - skipped
[0.221s] -- Detecting C compile features
[0.222s] -- Detecting C compile features - done
[0.225s] -- Detecting CXX compiler ABI info
[0.296s] -- Detecting CXX compiler ABI info - done
[0.304s] -- Check for working CXX compiler: /usr/bin/c++ - skipped
[0.304s] -- Detecting CXX compile features
[0.304s] -- Detecting CXX compile features - done
[0.308s] -- Found ament_cmake: 1.3.9 (/opt/ros/humble/share/ament_cmake/cmake)
[0.452s] -- Found Python3: /usr/bin/python3 (found version "3.10.12") found components: Interpreter 
[0.602s] -- Configuring done
[0.604s] -- Generating done
[0.605s] -- Build files have been written to: /home/srobot/seyi_ros2_ws/build/seyi_first_robot_description
[0.610s] Invoked command in '/home/srobot/seyi_ros2_ws/build/seyi_first_robot_description' returned '0': CMAKE_PREFIX_PATH=${CMAKE_PREFIX_PATH}:/home/srobot/ros2_ws/install/my_py_pkg:/opt/ros/humble /usr/bin/cmake /home/srobot/seyi_ros2_ws/src/seyi_first_robot_description -DCMAKE_INSTALL_PREFIX=/home/srobot/seyi_ros2_ws/install/seyi_first_robot_description
[0.611s] Invoking command in '/home/srobot/seyi_ros2_ws/build/seyi_first_robot_description': CMAKE_PREFIX_PATH=${CMAKE_PREFIX_PATH}:/home/srobot/ros2_ws/install/my_py_pkg:/opt/ros/humble /usr/bin/cmake --build /home/srobot/seyi_ros2_ws/build/seyi_first_robot_description -- -j12 -l12
[0.643s] Invoked command in '/home/srobot/seyi_ros2_ws/build/seyi_first_robot_description' returned '0': CMAKE_PREFIX_PATH=${CMAKE_PREFIX_PATH}:/home/srobot/ros2_ws/install/my_py_pkg:/opt/ros/humble /usr/bin/cmake --build /home/srobot/seyi_ros2_ws/build/seyi_first_robot_description -- -j12 -l12
[0.673s] Invoking command in '/home/srobot/seyi_ros2_ws/build/seyi_first_robot_description': CMAKE_PREFIX_PATH=${CMAKE_PREFIX_PATH}:/home/srobot/ros2_ws/install/my_py_pkg:/opt/ros/humble /usr/bin/cmake --install /home/srobot/seyi_ros2_ws/build/seyi_first_robot_description
[0.681s] -- Install configuration: ""
[0.681s] -- Installing: /home/srobot/seyi_ros2_ws/install/seyi_first_robot_description/share/seyi_first_robot_description//urdf
[0.681s] -- Installing: /home/srobot/seyi_ros2_ws/install/seyi_first_robot_description/share/seyi_first_robot_description//urdf/no_comments_seyi_first_robot.urdf
[0.682s] -- Installing: /home/srobot/seyi_ros2_ws/install/seyi_first_robot_description/share/ament_index/resource_index/package_run_dependencies/seyi_first_robot_description
[0.682s] -- Installing: /home/srobot/seyi_ros2_ws/install/seyi_first_robot_description/share/ament_index/resource_index/parent_prefix_path/seyi_first_robot_description
[0.682s] -- Installing: /home/srobot/seyi_ros2_ws/install/seyi_first_robot_description/share/seyi_first_robot_description/environment/ament_prefix_path.sh
[0.682s] -- Installing: /home/srobot/seyi_ros2_ws/install/seyi_first_robot_description/share/seyi_first_robot_description/environment/ament_prefix_path.dsv
[0.682s] -- Installing: /home/srobot/seyi_ros2_ws/install/seyi_first_robot_description/share/seyi_first_robot_description/environment/path.sh
[0.682s] -- Installing: /home/srobot/seyi_ros2_ws/install/seyi_first_robot_description/share/seyi_first_robot_description/environment/path.dsv
[0.682s] -- Installing: /home/srobot/seyi_ros2_ws/install/seyi_first_robot_description/share/seyi_first_robot_description/local_setup.bash
[0.682s] -- Installing: /home/srobot/seyi_ros2_ws/install/seyi_first_robot_description/share/seyi_first_robot_description/local_setup.sh
[0.683s] -- Installing: /home/srobot/seyi_ros2_ws/install/seyi_first_robot_description/share/seyi_first_robot_description/local_setup.zsh
[0.683s] -- Installing: /home/srobot/seyi_ros2_ws/install/seyi_first_robot_description/share/seyi_first_robot_description/local_setup.dsv
[0.683s] -- Installing: /home/srobot/seyi_ros2_ws/install/seyi_first_robot_description/share/seyi_first_robot_description/package.dsv
[0.683s] -- Installing: /home/srobot/seyi_ros2_ws/install/seyi_first_robot_description/share/ament_index/resource_index/packages/seyi_first_robot_description
[0.683s] -- Installing: /home/srobot/seyi_ros2_ws/install/seyi_first_robot_description/share/seyi_first_robot_description/cmake/seyi_first_robot_descriptionConfig.cmake
[0.683s] -- Installing: /home/srobot/seyi_ros2_ws/install/seyi_first_robot_description/share/seyi_first_robot_description/cmake/seyi_first_robot_descriptionConfig-version.cmake
[0.683s] -- Installing: /home/srobot/seyi_ros2_ws/install/seyi_first_robot_description/share/seyi_first_robot_description/package.xml
[0.685s] Invoked command in '/home/srobot/seyi_ros2_ws/build/seyi_first_robot_description' returned '0': CMAKE_PREFIX_PATH=${CMAKE_PREFIX_PATH}:/home/srobot/ros2_ws/install/my_py_pkg:/opt/ros/humble /usr/bin/cmake --install /home/srobot/seyi_ros2_ws/build/seyi_first_robot_description
