[0.011s] Invoking command in '/home/srobot/seyi_ros2_ws/build/seyi_first_robot_description': CMAKE_PREFIX_PATH=${CMAKE_PREFIX_PATH}:/home/srobot/ros2_ws/install/my_py_pkg:/opt/ros/humble /usr/bin/cmake --build /home/srobot/seyi_ros2_ws/build/seyi_first_robot_description -- -j12 -l12
[0.042s] Invoked command in '/home/srobot/seyi_ros2_ws/build/seyi_first_robot_description' returned '0': CMAKE_PREFIX_PATH=${CMAKE_PREFIX_PATH}:/home/srobot/ros2_ws/install/my_py_pkg:/opt/ros/humble /usr/bin/cmake --build /home/srobot/seyi_ros2_ws/build/seyi_first_robot_description -- -j12 -l12
[0.066s] Invoking command in '/home/srobot/seyi_ros2_ws/build/seyi_first_robot_description': CMAKE_PREFIX_PATH=${CMAKE_PREFIX_PATH}:/home/srobot/ros2_ws/install/my_py_pkg:/opt/ros/humble /usr/bin/cmake --install /home/srobot/seyi_ros2_ws/build/seyi_first_robot_description
[0.073s] -- Install configuration: ""
[0.073s] -- Execute custom install script
[0.074s] -- Up-to-date symlink: /home/srobot/seyi_ros2_ws/install/seyi_first_robot_description/share/seyi_first_robot_description//urdf/seyi_first_robot.urdf.xacro
[0.074s] -- Up-to-date symlink: /home/srobot/seyi_ros2_ws/install/seyi_first_robot_description/share/seyi_first_robot_description//launch/display.launch.py
[0.074s] -- Up-to-date symlink: /home/srobot/seyi_ros2_ws/install/seyi_first_robot_description/share/seyi_first_robot_description//launch/display.launch.xml
[0.074s] -- Up-to-date symlink: /home/srobot/seyi_ros2_ws/install/seyi_first_robot_description/share/seyi_first_robot_description//rviz/urdf_config.rviz
[0.074s] -- Up-to-date symlink: /home/srobot/seyi_ros2_ws/install/seyi_first_robot_description/share/ament_index/resource_index/package_run_dependencies/seyi_first_robot_description
[0.075s] -- Up-to-date symlink: /home/srobot/seyi_ros2_ws/install/seyi_first_robot_description/share/ament_index/resource_index/parent_prefix_path/seyi_first_robot_description
[0.075s] -- Up-to-date symlink: /home/srobot/seyi_ros2_ws/install/seyi_first_robot_description/share/seyi_first_robot_description/environment/ament_prefix_path.sh
[0.075s] -- Up-to-date symlink: /home/srobot/seyi_ros2_ws/install/seyi_first_robot_description/share/seyi_first_robot_description/environment/ament_prefix_path.dsv
[0.075s] -- Up-to-date symlink: /home/srobot/seyi_ros2_ws/install/seyi_first_robot_description/share/seyi_first_robot_description/environment/path.sh
[0.075s] -- Up-to-date symlink: /home/srobot/seyi_ros2_ws/install/seyi_first_robot_description/share/seyi_first_robot_description/environment/path.dsv
[0.075s] -- Up-to-date symlink: /home/srobot/seyi_ros2_ws/install/seyi_first_robot_description/share/seyi_first_robot_description/local_setup.bash
[0.076s] -- Up-to-date symlink: /home/srobot/seyi_ros2_ws/install/seyi_first_robot_description/share/seyi_first_robot_description/local_setup.sh
[0.076s] -- Up-to-date symlink: /home/srobot/seyi_ros2_ws/install/seyi_first_robot_description/share/seyi_first_robot_description/local_setup.zsh
[0.076s] -- Up-to-date symlink: /home/srobot/seyi_ros2_ws/install/seyi_first_robot_description/share/seyi_first_robot_description/local_setup.dsv
[0.076s] -- Symlinking: /home/srobot/seyi_ros2_ws/install/seyi_first_robot_description/share/seyi_first_robot_description/package.dsv
[0.085s] -- Up-to-date symlink: /home/srobot/seyi_ros2_ws/install/seyi_first_robot_description/share/ament_index/resource_index/packages/seyi_first_robot_description
[0.085s] -- Up-to-date symlink: /home/srobot/seyi_ros2_ws/install/seyi_first_robot_description/share/seyi_first_robot_description/cmake/seyi_first_robot_descriptionConfig.cmake
[0.085s] -- Up-to-date symlink: /home/srobot/seyi_ros2_ws/install/seyi_first_robot_description/share/seyi_first_robot_description/cmake/seyi_first_robot_descriptionConfig-version.cmake
[0.085s] -- Up-to-date symlink: /home/srobot/seyi_ros2_ws/install/seyi_first_robot_description/share/seyi_first_robot_description/package.xml
[0.087s] Invoked command in '/home/srobot/seyi_ros2_ws/build/seyi_first_robot_description' returned '0': CMAKE_PREFIX_PATH=${CMAKE_PREFIX_PATH}:/home/srobot/ros2_ws/install/my_py_pkg:/opt/ros/humble /usr/bin/cmake --install /home/srobot/seyi_ros2_ws/build/seyi_first_robot_description
