[0.011s] Invoking command in '/home/srobot/seyi_ros2_ws/build/seyi_first_robot_description': CMAKE_PREFIX_PATH=${CMAKE_PREFIX_PATH}:/home/srobot/ros2_ws/install/my_py_pkg:/opt/ros/humble /usr/bin/cmake /home/srobot/seyi_ros2_ws/src/seyi_first_robot_description -DCMAKE_INSTALL_PREFIX=/home/srobot/seyi_ros2_ws/install/seyi_first_robot_description
[0.021s] -- Found ament_cmake: 1.3.9 (/opt/ros/humble/share/ament_cmake/cmake)
[0.126s] -- Override CMake install command with custom implementation using symlinks instead of copying resources
[0.190s] -- Configuring done
[0.192s] -- Generating done
[0.193s] -- Build files have been written to: /home/srobot/seyi_ros2_ws/build/seyi_first_robot_description
[0.195s] Invoked command in '/home/srobot/seyi_ros2_ws/build/seyi_first_robot_description' returned '0': CMAKE_PREFIX_PATH=${CMAKE_PREFIX_PATH}:/home/srobot/ros2_ws/install/my_py_pkg:/opt/ros/humble /usr/bin/cmake /home/srobot/seyi_ros2_ws/src/seyi_first_robot_description -DCMAKE_INSTALL_PREFIX=/home/srobot/seyi_ros2_ws/install/seyi_first_robot_description
[0.197s] Invoking command in '/home/srobot/seyi_ros2_ws/build/seyi_first_robot_description': CMAKE_PREFIX_PATH=${CMAKE_PREFIX_PATH}:/home/srobot/ros2_ws/install/my_py_pkg:/opt/ros/humble /usr/bin/cmake --build /home/srobot/seyi_ros2_ws/build/seyi_first_robot_description -- -j12 -l12
[0.227s] Invoked command in '/home/srobot/seyi_ros2_ws/build/seyi_first_robot_description' returned '0': CMAKE_PREFIX_PATH=${CMAKE_PREFIX_PATH}:/home/srobot/ros2_ws/install/my_py_pkg:/opt/ros/humble /usr/bin/cmake --build /home/srobot/seyi_ros2_ws/build/seyi_first_robot_description -- -j12 -l12
[0.252s] Invoking command in '/home/srobot/seyi_ros2_ws/build/seyi_first_robot_description': CMAKE_PREFIX_PATH=${CMAKE_PREFIX_PATH}:/home/srobot/ros2_ws/install/my_py_pkg:/opt/ros/humble /usr/bin/cmake --install /home/srobot/seyi_ros2_ws/build/seyi_first_robot_description
[0.258s] -- Install configuration: ""
[0.258s] -- Execute custom install script
[0.259s] -- Up-to-date symlink: /home/srobot/seyi_ros2_ws/install/seyi_first_robot_description/share/seyi_first_robot_description//urdf/common_properties.xacro
[0.259s] -- Up-to-date symlink: /home/srobot/seyi_ros2_ws/install/seyi_first_robot_description/share/seyi_first_robot_description//urdf/mobile_base.xacro
[0.259s] -- Up-to-date symlink: /home/srobot/seyi_ros2_ws/install/seyi_first_robot_description/share/seyi_first_robot_description//urdf/seyi_first_robot.urdf.xacro
[0.259s] -- Up-to-date symlink: /home/srobot/seyi_ros2_ws/install/seyi_first_robot_description/share/seyi_first_robot_description//launch/display.launch.py
[0.259s] -- Up-to-date symlink: /home/srobot/seyi_ros2_ws/install/seyi_first_robot_description/share/seyi_first_robot_description//launch/display.launch.xml
[0.259s] -- Up-to-date symlink: /home/srobot/seyi_ros2_ws/install/seyi_first_robot_description/share/seyi_first_robot_description//rviz/urdf_config.rviz
[0.260s] -- Up-to-date symlink: /home/srobot/seyi_ros2_ws/install/seyi_first_robot_description/share/ament_index/resource_index/package_run_dependencies/seyi_first_robot_description
[0.260s] -- Up-to-date symlink: /home/srobot/seyi_ros2_ws/install/seyi_first_robot_description/share/ament_index/resource_index/parent_prefix_path/seyi_first_robot_description
[0.260s] -- Up-to-date symlink: /home/srobot/seyi_ros2_ws/install/seyi_first_robot_description/share/seyi_first_robot_description/environment/ament_prefix_path.sh
[0.260s] -- Up-to-date symlink: /home/srobot/seyi_ros2_ws/install/seyi_first_robot_description/share/seyi_first_robot_description/environment/ament_prefix_path.dsv
[0.260s] -- Up-to-date symlink: /home/srobot/seyi_ros2_ws/install/seyi_first_robot_description/share/seyi_first_robot_description/environment/path.sh
[0.260s] -- Up-to-date symlink: /home/srobot/seyi_ros2_ws/install/seyi_first_robot_description/share/seyi_first_robot_description/environment/path.dsv
[0.260s] -- Up-to-date symlink: /home/srobot/seyi_ros2_ws/install/seyi_first_robot_description/share/seyi_first_robot_description/local_setup.bash
[0.261s] -- Up-to-date symlink: /home/srobot/seyi_ros2_ws/install/seyi_first_robot_description/share/seyi_first_robot_description/local_setup.sh
[0.261s] -- Up-to-date symlink: /home/srobot/seyi_ros2_ws/install/seyi_first_robot_description/share/seyi_first_robot_description/local_setup.zsh
[0.261s] -- Up-to-date symlink: /home/srobot/seyi_ros2_ws/install/seyi_first_robot_description/share/seyi_first_robot_description/local_setup.dsv
[0.261s] -- Symlinking: /home/srobot/seyi_ros2_ws/install/seyi_first_robot_description/share/seyi_first_robot_description/package.dsv
[0.268s] -- Up-to-date symlink: /home/srobot/seyi_ros2_ws/install/seyi_first_robot_description/share/ament_index/resource_index/packages/seyi_first_robot_description
[0.268s] -- Up-to-date symlink: /home/srobot/seyi_ros2_ws/install/seyi_first_robot_description/share/seyi_first_robot_description/cmake/seyi_first_robot_descriptionConfig.cmake
[0.268s] -- Up-to-date symlink: /home/srobot/seyi_ros2_ws/install/seyi_first_robot_description/share/seyi_first_robot_description/cmake/seyi_first_robot_descriptionConfig-version.cmake
[0.269s] -- Up-to-date symlink: /home/srobot/seyi_ros2_ws/install/seyi_first_robot_description/share/seyi_first_robot_description/package.xml
[0.270s] Invoked command in '/home/srobot/seyi_ros2_ws/build/seyi_first_robot_description' returned '0': CMAKE_PREFIX_PATH=${CMAKE_PREFIX_PATH}:/home/srobot/ros2_ws/install/my_py_pkg:/opt/ros/humble /usr/bin/cmake --install /home/srobot/seyi_ros2_ws/build/seyi_first_robot_description
