-- Install configuration: ""
-- Up-to-date: /home/srobot/seyi_ros2_ws/install/seyi_first_robot_description/share/seyi_first_robot_description//urdf
-- Up-to-date: /home/srobot/seyi_ros2_ws/install/seyi_first_robot_description/share/seyi_first_robot_description//urdf/no_comments_seyi_first_robot.urdf
-- Up-to-date: /home/srobot/seyi_ros2_ws/install/seyi_first_robot_description/share/seyi_first_robot_description//launch
-- Up-to-date: /home/srobot/seyi_ros2_ws/install/seyi_first_robot_description/share/seyi_first_robot_description//launch/display.launch.xml
-- Up-to-date: /home/srobot/seyi_ros2_ws/install/seyi_first_robot_description/share/ament_index/resource_index/package_run_dependencies/seyi_first_robot_description
-- Up-to-date: /home/srobot/seyi_ros2_ws/install/seyi_first_robot_description/share/ament_index/resource_index/parent_prefix_path/seyi_first_robot_description
-- Up-to-date: /home/srobot/seyi_ros2_ws/install/seyi_first_robot_description/share/seyi_first_robot_description/environment/ament_prefix_path.sh
-- Up-to-date: /home/srobot/seyi_ros2_ws/install/seyi_first_robot_description/share/seyi_first_robot_description/environment/ament_prefix_path.dsv
-- Up-to-date: /home/srobot/seyi_ros2_ws/install/seyi_first_robot_description/share/seyi_first_robot_description/environment/path.sh
-- Up-to-date: /home/srobot/seyi_ros2_ws/install/seyi_first_robot_description/share/seyi_first_robot_description/environment/path.dsv
-- Up-to-date: /home/srobot/seyi_ros2_ws/install/seyi_first_robot_description/share/seyi_first_robot_description/local_setup.bash
-- Up-to-date: /home/srobot/seyi_ros2_ws/install/seyi_first_robot_description/share/seyi_first_robot_description/local_setup.sh
-- Up-to-date: /home/srobot/seyi_ros2_ws/install/seyi_first_robot_description/share/seyi_first_robot_description/local_setup.zsh
-- Up-to-date: /home/srobot/seyi_ros2_ws/install/seyi_first_robot_description/share/seyi_first_robot_description/local_setup.dsv
-- Installing: /home/srobot/seyi_ros2_ws/install/seyi_first_robot_description/share/seyi_first_robot_description/package.dsv
-- Up-to-date: /home/srobot/seyi_ros2_ws/install/seyi_first_robot_description/share/ament_index/resource_index/packages/seyi_first_robot_description
-- Up-to-date: /home/srobot/seyi_ros2_ws/install/seyi_first_robot_description/share/seyi_first_robot_description/cmake/seyi_first_robot_descriptionConfig.cmake
-- Up-to-date: /home/srobot/seyi_ros2_ws/install/seyi_first_robot_description/share/seyi_first_robot_description/cmake/seyi_first_robot_descriptionConfig-version.cmake
-- Up-to-date: /home/srobot/seyi_ros2_ws/install/seyi_first_robot_description/share/seyi_first_robot_description/package.xml
